<?xml version="1.0" encoding="UTF-8"?>
<testsuite xmlns:xsi="http://www.w3.org/2001/XMLSchema-instance" xsi:noNamespaceSchemaLocation="https://maven.apache.org/surefire/maven-surefire-plugin/xsd/surefire-test-report.xsd" name="za.co.wethinkcode.jeenyuhs.acceptanceTest.websocketsTests.websocketsTests" time="21.083" tests="3" errors="0" skipped="0" failures="0">
  <properties>
[...]
</properties>
  <testcase name="directMessagePassTest" classname="za.co.wethinkcode.jeenyuhs.acceptanceTest.websocketsTests.websocketsTests" time="10.278"/>
  <testcase name="HomeTest" classname="za.co.wethinkcode.jeenyuhs.acceptanceTest.websocketsTests.websocketsTests" time="5.013"/>
  <testcase name="directMessageErrorTest" classname="za.co.wethinkcode.jeenyuhs.acceptanceTest.websocketsTests.websocketsTests" time="5.016"/>
</testsuite>